<?xml version="1.0" encoding="UTF-8"?>
<!-- Generated by org.testng.reporters.JUnitReportReporter -->
<testsuite hostname="LAPTOP-JH6L6V8L" failures="0" tests="1" name="com.travel.ujetix.TourPackage.Test.CreateTourPackageTest" time="54.262" errors="0" timestamp="2023-05-31T11:47:03 IST" skipped="0">
  <testcase classname="com.travel.ujetix.TourPackage.Test.CreateTourPackageTest" name="createTourPackageTest" time="54.262"/>
  <system-out>
    <![CDATA[HappyJourney1165 Package is created ]]>
  </system-out>
</testsuite> <!-- com.travel.ujetix.TourPackage.Test.CreateTourPackageTest -->
