<?xml version="1.0" encoding="UTF-8"?>
<!-- Generated by org.testng.reporters.JUnitReportReporter -->
<testsuite hostname="LAPTOP-JH6L6V8L" failures="0" tests="1" name="com.travel.ujetix.TourPackage.Test.CreatePackageAndEnquiryForItTest" time="49.308" errors="0" timestamp="2023-05-31T11:47:03 IST" skipped="0">
  <testcase classname="com.travel.ujetix.TourPackage.Test.CreatePackageAndEnquiryForItTest" name="createPackageAndEnquiryForItTest" time="49.308"/>
  <system-out>
    <![CDATA[Package is present
Enquiry is created]]>
  </system-out>
</testsuite> <!-- com.travel.ujetix.TourPackage.Test.CreatePackageAndEnquiryForItTest -->
