<?xml version="1.0" encoding="UTF-8"?>
<!-- Generated by org.testng.reporters.JUnitReportReporter -->
<testsuite hostname="LAPTOP-JH6L6V8L" failures="0" tests="2" name="com.travel.ujetix.PracticePackage.TestNgPractice" time="0.017" errors="0" timestamp="2023-05-31T09:32:12 IST" skipped="0">
  <testcase classname="com.travel.ujetix.PracticePackage.TestNgPractice" name="delete" time="0.002"/>
  <system-out/>
  <testcase classname="com.travel.ujetix.PracticePackage.TestNgPractice" name="create" time="0.015"/>
  <system-out/>
</testsuite> <!-- com.travel.ujetix.PracticePackage.TestNgPractice -->
