<?xml version="1.0" encoding="UTF-8"?>
<!-- Generated by org.testng.reporters.JUnitReportReporter -->
<testsuite hostname="LAPTOP-JH6L6V8L" failures="0" tests="1" name="com.travel.ujetix.SignUp.Test.CreateUserAndUpdateUsernameTest" time="46.569" errors="0" timestamp="2023-05-31T11:47:03 IST" skipped="0">
  <testcase classname="com.travel.ujetix.SignUp.Test.CreateUserAndUpdateUsernameTest" name="createUserAndUpdateUsernameTest" time="46.569"/>
  <system-out>
    <![CDATA[Account created successfully
Username updated successfully
Logout Successfull]]>
  </system-out>
</testsuite> <!-- com.travel.ujetix.SignUp.Test.CreateUserAndUpdateUsernameTest -->
