<?xml version="1.0" encoding="UTF-8"?>
<!-- Generated by org.testng.reporters.JUnitReportReporter -->
<testsuite hostname="LAPTOP-JH6L6V8L" failures="0" tests="3" name="com.travel.ujetix.PracticePackage.ExcelPractice" time="0.011" errors="0" timestamp="2023-05-24T12:54:33 IST" skipped="0">
  <testcase classname="com.travel.ujetix.PracticePackage.ExcelPractice" name="getData33" time="0.001"/>
  <system-out/>
  <testcase classname="com.travel.ujetix.PracticePackage.ExcelPractice" name="getData33" time="0.009"/>
  <system-out/>
  <testcase classname="com.travel.ujetix.PracticePackage.ExcelPractice" name="getData33" time="0.001"/>
  <system-out/>
</testsuite> <!-- com.travel.ujetix.PracticePackage.ExcelPractice -->
