<?xml version="1.0" encoding="UTF-8"?>
<!-- Generated by org.testng.reporters.JUnitReportReporter -->
<testsuite hostname="LAPTOP-JH6L6V8L" failures="0" tests="1" name="com.travel.ujetix.Issues.Test.VerifyCreatePackageAndUpdateRemarkOfCreatedIssueTest" time="58.576" errors="0" timestamp="2023-05-31T11:47:03 IST" skipped="0">
  <testcase classname="com.travel.ujetix.Issues.Test.VerifyCreatePackageAndUpdateRemarkOfCreatedIssueTest" name="verifyCreatePackageAndUpdateRemarkOfCreatedIssueTest" time="58.576"/>
  <system-out>
    <![CDATA[Package is created
Package Is Present
Logout as user Successfull
Admin Login Successful]]>
  </system-out>
</testsuite> <!-- com.travel.ujetix.Issues.Test.VerifyCreatePackageAndUpdateRemarkOfCreatedIssueTest -->
