<?xml version="1.0" encoding="UTF-8"?>
<!-- Generated by org.testng.reporters.JUnitReportReporter -->
<testsuite hostname="LAPTOP-JH6L6V8L" failures="0" tests="1" name="com.travel.ujetix.Issues.Test.VerifyCreatePackageAndCheckStatusOfCreatedIssueTest" time="63.021" errors="0" timestamp="2023-05-31T11:47:03 IST" skipped="0">
  <testcase classname="com.travel.ujetix.Issues.Test.VerifyCreatePackageAndCheckStatusOfCreatedIssueTest" name="verifyCreatePackageAndCheckStatusOfCreatedIssueTest" time="63.021"/>
  <system-out>
    <![CDATA[Package created successfully
Package is present
Issue is created
Admin LogIn Successful
Admin remark Updated Successful
User Logout
Admin Login]]>
  </system-out>
</testsuite> <!-- com.travel.ujetix.Issues.Test.VerifyCreatePackageAndCheckStatusOfCreatedIssueTest -->
