<?xml version="1.0" encoding="UTF-8"?>
<!-- Generated by org.testng.reporters.JUnitReportReporter -->
<testsuite hostname="LAPTOP-JH6L6V8L" failures="0" tests="1" name="com.travel.ujetix.ManageBooking.Test.samplr" time="0.029" errors="0" timestamp="2023-05-25T10:54:50 IST" skipped="0">
  <testcase classname="com.travel.ujetix.ManageBooking.Test.samplr" name="m1" time="0.029"/>
  <system-out/>
</testsuite> <!-- com.travel.ujetix.ManageBooking.Test.samplr -->
