<?xml version="1.0" encoding="UTF-8"?>
<!-- Generated by org.testng.reporters.JUnitReportReporter -->
<testsuite hostname="LAPTOP-JH6L6V8L" failures="0" tests="1" name="com.travel.ujetix.TourPackage.Test.BookTourPackageTest" time="39.788" errors="0" timestamp="2023-05-31T11:47:03 IST" skipped="0">
  <testcase classname="com.travel.ujetix.TourPackage.Test.BookTourPackageTest" name="bookTourPackageTest" time="39.788"/>
  <system-out>
    <![CDATA[Booked package Successfully]]>
  </system-out>
</testsuite> <!-- com.travel.ujetix.TourPackage.Test.BookTourPackageTest -->
