<?xml version="1.0" encoding="UTF-8"?>
<!-- Generated by org.testng.reporters.JUnitReportReporter -->
<testsuite hostname="LAPTOP-JH6L6V8L" failures="0" tests="1" name="com.travel.ujetix.ManageBooking.Test.ConfirmBookingAsAdminAnVerifyAsUserTest" time="52.745" errors="0" timestamp="2023-05-31T11:47:03 IST" skipped="0">
  <testcase classname="com.travel.ujetix.ManageBooking.Test.ConfirmBookingAsAdminAnVerifyAsUserTest" name="confirmBookingAsAdminAnVerifyAsUserTest" time="52.745"/>
  <system-out>
    <![CDATA[Booked package Successfully]]>
  </system-out>
</testsuite> <!-- com.travel.ujetix.ManageBooking.Test.ConfirmBookingAsAdminAnVerifyAsUserTest -->
