<?xml version="1.0" encoding="UTF-8"?>
<!-- Generated by org.testng.reporters.JUnitReportReporter -->
<testsuite hostname="LAPTOP-JH6L6V8L" failures="0" tests="3" name="com.travel.ujetix.PracticePackage.ReadData" time="0.008" errors="0" timestamp="2023-05-24T07:14:26 IST" skipped="0">
  <testcase classname="com.travel.ujetix.PracticePackage.ReadData" name="getData33" time="0.000"/>
  <system-out/>
  <testcase classname="com.travel.ujetix.PracticePackage.ReadData" name="getData33" time="0.000"/>
  <system-out/>
  <testcase classname="com.travel.ujetix.PracticePackage.ReadData" name="getData33" time="0.008"/>
  <system-out/>
</testsuite> <!-- com.travel.ujetix.PracticePackage.ReadData -->
